{"C:\\Users\\Amulya Reddy\\Desktop\\Swiggy\\src\\Components\\ContactUs.js": {"path":"C:\\Users\\Amulya Reddy\\Desktop\\Swiggy\\src\\Components\\ContactUs.js","statementMap":{"0":{"start":{"line":1,"column":18},"end":{"line":16,"column":1}},"1":{"start":{"line":2,"column":4},"end":{"line":15,"column":5}}},"fnMap":{"0":{"name":"(anonymous_0)","decl":{"start":{"line":1,"column":18},"end":{"line":1,"column":19}},"loc":{"start":{"line":1,"column":24},"end":{"line":16,"column":1}},"line":1}},"branchMap":{},"s":{"0":1,"1":4},"f":{"0":4},"b":{},"_coverageSchema":"1a1c01bbd47fc00a2c39e90264f33305004495a9","hash":"dcc1e70e6895a44392765a2f46b6ece1ff6cd983"}
,"C:\\Users\\Amulya Reddy\\Desktop\\Swiggy\\src\\Components\\Header.js": {"path":"C:\\Users\\Amulya Reddy\\Desktop\\Swiggy\\src\\Components\\Header.js","statementMap":{"0":{"start":{"line":6,"column":15},"end":{"line":40,"column":1}},"1":{"start":{"line":8,"column":34},"end":{"line":8,"column":51}},"2":{"start":{"line":10,"column":22},"end":{"line":10,"column":63}},"3":{"start":{"line":10,"column":46},"end":{"line":10,"column":62}},"4":{"start":{"line":12,"column":4},"end":{"line":39,"column":6}},"5":{"start":{"line":32,"column":24},"end":{"line":34,"column":43}}},"fnMap":{"0":{"name":"(anonymous_0)","decl":{"start":{"line":6,"column":15},"end":{"line":6,"column":16}},"loc":{"start":{"line":6,"column":21},"end":{"line":40,"column":1}},"line":6},"1":{"name":"(anonymous_1)","decl":{"start":{"line":10,"column":35},"end":{"line":10,"column":36}},"loc":{"start":{"line":10,"column":46},"end":{"line":10,"column":62}},"line":10},"2":{"name":"(anonymous_2)","decl":{"start":{"line":31,"column":73},"end":{"line":31,"column":74}},"loc":{"start":{"line":31,"column":79},"end":{"line":35,"column":21}},"line":31}},"branchMap":{"0":{"loc":{"start":{"line":32,"column":24},"end":{"line":34,"column":43}},"type":"cond-expr","locations":[{"start":{"line":33,"column":24},"end":{"line":33,"column":44}},{"start":{"line":34,"column":24},"end":{"line":34,"column":43}}],"line":32}},"s":{"0":1,"1":4,"2":4,"3":7,"4":4,"5":1},"f":{"0":4,"1":7,"2":1},"b":{"0":[1,0]},"_coverageSchema":"1a1c01bbd47fc00a2c39e90264f33305004495a9","hash":"12b1fa199054f7f2f3194043f21b668fe1728f3a"}
,"C:\\Users\\Amulya Reddy\\Desktop\\Swiggy\\src\\Components\\sum.js": {"path":"C:\\Users\\Amulya Reddy\\Desktop\\Swiggy\\src\\Components\\sum.js","statementMap":{"0":{"start":{"line":1,"column":19},"end":{"line":3,"column":1}},"1":{"start":{"line":2,"column":4},"end":{"line":2,"column":15}}},"fnMap":{"0":{"name":"(anonymous_0)","decl":{"start":{"line":1,"column":19},"end":{"line":1,"column":20}},"loc":{"start":{"line":1,"column":28},"end":{"line":3,"column":1}},"line":1}},"branchMap":{},"s":{"0":1,"1":1},"f":{"0":1},"b":{},"_coverageSchema":"1a1c01bbd47fc00a2c39e90264f33305004495a9","hash":"39b3449e9ec4eba382df8924bab40802b85228a5"}
,"C:\\Users\\Amulya Reddy\\Desktop\\Swiggy\\src\\utils\\cartSlice.js": {"path":"C:\\Users\\Amulya Reddy\\Desktop\\Swiggy\\src\\utils\\cartSlice.js","statementMap":{"0":{"start":{"line":3,"column":18},"end":{"line":19,"column":2}},"1":{"start":{"line":10,"column":8},"end":{"line":10,"column":40}},"2":{"start":{"line":13,"column":8},"end":{"line":13,"column":25}},"3":{"start":{"line":16,"column":8},"end":{"line":16,"column":31}},"4":{"start":{"line":22,"column":53},"end":{"line":22,"column":70}}},"fnMap":{"0":{"name":"(anonymous_0)","decl":{"start":{"line":9,"column":17},"end":{"line":9,"column":18}},"loc":{"start":{"line":9,"column":37},"end":{"line":11,"column":8}},"line":9},"1":{"name":"(anonymous_1)","decl":{"start":{"line":12,"column":20},"end":{"line":12,"column":21}},"loc":{"start":{"line":12,"column":38},"end":{"line":14,"column":8}},"line":12},"2":{"name":"(anonymous_2)","decl":{"start":{"line":15,"column":20},"end":{"line":15,"column":21}},"loc":{"start":{"line":15,"column":40},"end":{"line":17,"column":8}},"line":15}},"branchMap":{},"s":{"0":1,"1":0,"2":0,"3":0,"4":1},"f":{"0":0,"1":0,"2":0},"b":{},"_coverageSchema":"1a1c01bbd47fc00a2c39e90264f33305004495a9","hash":"371dc9997815f63211fdc1fab442b27781c8ba41"}
,"C:\\Users\\Amulya Reddy\\Desktop\\Swiggy\\src\\utils\\constants.js": {"path":"C:\\Users\\Amulya Reddy\\Desktop\\Swiggy\\src\\utils\\constants.js","statementMap":{"0":{"start":{"line":1,"column":24},"end":{"line":1,"column":115}},"1":{"start":{"line":3,"column":23},"end":{"line":3,"column":106}},"2":{"start":{"line":5,"column":24},"end":{"line":5,"column":146}}},"fnMap":{},"branchMap":{},"s":{"0":1,"1":1,"2":1},"f":{},"b":{},"_coverageSchema":"1a1c01bbd47fc00a2c39e90264f33305004495a9","hash":"4a4d059bd71743e84294a8fd6056413e1af4710f"}
,"C:\\Users\\Amulya Reddy\\Desktop\\Swiggy\\src\\utils\\ourStore.js": {"path":"C:\\Users\\Amulya Reddy\\Desktop\\Swiggy\\src\\utils\\ourStore.js","statementMap":{"0":{"start":{"line":1,"column":27},"end":{"line":1,"column":54}},"1":{"start":{"line":4,"column":17},"end":{"line":8,"column":2}}},"fnMap":{},"branchMap":{},"s":{"0":1,"1":1},"f":{},"b":{},"_coverageSchema":"1a1c01bbd47fc00a2c39e90264f33305004495a9","hash":"4deed3f4e9d06301f471a6e7e9ab4dd775674208"}
}
