{"C:\\Users\\Amulya Reddy\\Desktop\\Swiggy\\src\\Components\\Body.js": {"path":"C:\\Users\\Amulya Reddy\\Desktop\\Swiggy\\src\\Components\\Body.js","statementMap":{"0":{"start":{"line":9,"column":13},"end":{"line":103,"column":1}},"1":{"start":{"line":10,"column":52},"end":{"line":10,"column":64}},"2":{"start":{"line":11,"column":55},"end":{"line":11,"column":67}},"3":{"start":{"line":13,"column":38},"end":{"line":13,"column":50}},"4":{"start":{"line":15,"column":20},"end":{"line":25,"column":3}},"5":{"start":{"line":16,"column":17},"end":{"line":16,"column":38}},"6":{"start":{"line":17,"column":17},"end":{"line":17,"column":34}},"7":{"start":{"line":19,"column":4},"end":{"line":21,"column":6}},"8":{"start":{"line":22,"column":4},"end":{"line":24,"column":6}},"9":{"start":{"line":27,"column":2},"end":{"line":29,"column":9}},"10":{"start":{"line":28,"column":4},"end":{"line":28,"column":16}},"11":{"start":{"line":31,"column":23},"end":{"line":31,"column":40}},"12":{"start":{"line":32,"column":2},"end":{"line":37,"column":6}},"13":{"start":{"line":33,"column":4},"end":{"line":37,"column":6}},"14":{"start":{"line":39,"column":2},"end":{"line":102,"column":4}},"15":{"start":{"line":47,"column":33},"end":{"line":49,"column":13}},"16":{"start":{"line":48,"column":23},"end":{"line":48,"column":48}},"17":{"start":{"line":50,"column":12},"end":{"line":50,"column":49}},"18":{"start":{"line":64,"column":14},"end":{"line":64,"column":44}},"19":{"start":{"line":71,"column":40},"end":{"line":75,"column":15}},"20":{"start":{"line":72,"column":16},"end":{"line":74,"column":53}},"21":{"start":{"line":76,"column":14},"end":{"line":76,"column":56}},"22":{"start":{"line":91,"column":14},"end":{"line":96,"column":21}}},"fnMap":{"0":{"name":"(anonymous_0)","decl":{"start":{"line":9,"column":13},"end":{"line":9,"column":14}},"loc":{"start":{"line":9,"column":19},"end":{"line":103,"column":1}},"line":9},"1":{"name":"(anonymous_1)","decl":{"start":{"line":15,"column":20},"end":{"line":15,"column":21}},"loc":{"start":{"line":15,"column":32},"end":{"line":25,"column":3}},"line":15},"2":{"name":"(anonymous_2)","decl":{"start":{"line":27,"column":12},"end":{"line":27,"column":13}},"loc":{"start":{"line":27,"column":18},"end":{"line":29,"column":3}},"line":27},"3":{"name":"(anonymous_3)","decl":{"start":{"line":46,"column":19},"end":{"line":46,"column":20}},"loc":{"start":{"line":46,"column":25},"end":{"line":51,"column":11}},"line":46},"4":{"name":"(anonymous_4)","decl":{"start":{"line":48,"column":14},"end":{"line":48,"column":15}},"loc":{"start":{"line":48,"column":23},"end":{"line":48,"column":48}},"line":48},"5":{"name":"(anonymous_5)","decl":{"start":{"line":63,"column":22},"end":{"line":63,"column":23}},"loc":{"start":{"line":63,"column":29},"end":{"line":65,"column":13}},"line":63},"6":{"name":"(anonymous_6)","decl":{"start":{"line":70,"column":21},"end":{"line":70,"column":22}},"loc":{"start":{"line":70,"column":27},"end":{"line":77,"column":13}},"line":70},"7":{"name":"(anonymous_7)","decl":{"start":{"line":71,"column":65},"end":{"line":71,"column":66}},"loc":{"start":{"line":72,"column":16},"end":{"line":74,"column":53}},"line":72},"8":{"name":"(anonymous_8)","decl":{"start":{"line":90,"column":36},"end":{"line":90,"column":37}},"loc":{"start":{"line":91,"column":14},"end":{"line":96,"column":21}},"line":91}},"branchMap":{"0":{"loc":{"start":{"line":32,"column":2},"end":{"line":37,"column":6}},"type":"if","locations":[{"start":{"line":32,"column":2},"end":{"line":37,"column":6}},{"start":{},"end":{}}],"line":32}},"s":{"0":1,"1":7,"2":7,"3":7,"4":7,"5":2,"6":2,"7":2,"8":2,"9":7,"10":2,"11":7,"12":7,"13":0,"14":7,"15":1,"16":9,"17":1,"18":1,"19":1,"20":9,"21":1,"22":35},"f":{"0":7,"1":2,"2":2,"3":1,"4":9,"5":1,"6":1,"7":9,"8":35},"b":{"0":[0,7]},"_coverageSchema":"1a1c01bbd47fc00a2c39e90264f33305004495a9","hash":"0d1542bb754e4acb8b892b2e36e1987df788f019"}
,"C:\\Users\\Amulya Reddy\\Desktop\\Swiggy\\src\\Components\\Cart.js": {"path":"C:\\Users\\Amulya Reddy\\Desktop\\Swiggy\\src\\Components\\Cart.js","statementMap":{"0":{"start":{"line":5,"column":13},"end":{"line":25,"column":1}},"1":{"start":{"line":7,"column":22},"end":{"line":7,"column":62}},"2":{"start":{"line":7,"column":45},"end":{"line":7,"column":61}},"3":{"start":{"line":9,"column":21},"end":{"line":9,"column":34}},"4":{"start":{"line":11,"column":22},"end":{"line":13,"column":5}},"5":{"start":{"line":12,"column":8},"end":{"line":12,"column":30}},"6":{"start":{"line":15,"column":4},"end":{"line":24,"column":5}}},"fnMap":{"0":{"name":"(anonymous_0)","decl":{"start":{"line":5,"column":13},"end":{"line":5,"column":14}},"loc":{"start":{"line":5,"column":19},"end":{"line":25,"column":1}},"line":5},"1":{"name":"(anonymous_1)","decl":{"start":{"line":7,"column":34},"end":{"line":7,"column":35}},"loc":{"start":{"line":7,"column":45},"end":{"line":7,"column":61}},"line":7},"2":{"name":"(anonymous_2)","decl":{"start":{"line":11,"column":22},"end":{"line":11,"column":23}},"loc":{"start":{"line":11,"column":28},"end":{"line":13,"column":5}},"line":11}},"branchMap":{"0":{"loc":{"start":{"line":19,"column":14},"end":{"line":19,"column":92}},"type":"binary-expr","locations":[{"start":{"line":19,"column":14},"end":{"line":19,"column":36}},{"start":{"line":19,"column":40},"end":{"line":19,"column":92}}],"line":19}},"s":{"0":1,"1":2,"2":4,"3":2,"4":2,"5":1,"6":2},"f":{"0":2,"1":4,"2":1},"b":{"0":[2,1]},"_coverageSchema":"1a1c01bbd47fc00a2c39e90264f33305004495a9","hash":"b7a14cf524eee5a4d27e4ebb34a08a58f7f1ea43"}
,"C:\\Users\\Amulya Reddy\\Desktop\\Swiggy\\src\\Components\\ContactUs.js": {"path":"C:\\Users\\Amulya Reddy\\Desktop\\Swiggy\\src\\Components\\ContactUs.js","statementMap":{"0":{"start":{"line":1,"column":18},"end":{"line":16,"column":1}},"1":{"start":{"line":2,"column":4},"end":{"line":15,"column":5}}},"fnMap":{"0":{"name":"(anonymous_0)","decl":{"start":{"line":1,"column":18},"end":{"line":1,"column":19}},"loc":{"start":{"line":1,"column":24},"end":{"line":16,"column":1}},"line":1}},"branchMap":{},"s":{"0":1,"1":4},"f":{"0":4},"b":{},"_coverageSchema":"1a1c01bbd47fc00a2c39e90264f33305004495a9","hash":"dcc1e70e6895a44392765a2f46b6ece1ff6cd983"}
,"C:\\Users\\Amulya Reddy\\Desktop\\Swiggy\\src\\Components\\Header.js": {"path":"C:\\Users\\Amulya Reddy\\Desktop\\Swiggy\\src\\Components\\Header.js","statementMap":{"0":{"start":{"line":7,"column":15},"end":{"line":51,"column":1}},"1":{"start":{"line":8,"column":32},"end":{"line":8,"column":49}},"2":{"start":{"line":10,"column":20},"end":{"line":10,"column":60}},"3":{"start":{"line":10,"column":43},"end":{"line":10,"column":59}},"4":{"start":{"line":12,"column":2},"end":{"line":50,"column":4}},"5":{"start":{"line":38,"column":16},"end":{"line":40,"column":40}}},"fnMap":{"0":{"name":"(anonymous_0)","decl":{"start":{"line":7,"column":15},"end":{"line":7,"column":16}},"loc":{"start":{"line":7,"column":21},"end":{"line":51,"column":1}},"line":7},"1":{"name":"(anonymous_1)","decl":{"start":{"line":10,"column":32},"end":{"line":10,"column":33}},"loc":{"start":{"line":10,"column":43},"end":{"line":10,"column":59}},"line":10},"2":{"name":"(anonymous_2)","decl":{"start":{"line":37,"column":23},"end":{"line":37,"column":24}},"loc":{"start":{"line":37,"column":29},"end":{"line":41,"column":15}},"line":37}},"branchMap":{"0":{"loc":{"start":{"line":38,"column":16},"end":{"line":40,"column":39}},"type":"cond-expr","locations":[{"start":{"line":39,"column":20},"end":{"line":39,"column":40}},{"start":{"line":40,"column":20},"end":{"line":40,"column":39}}],"line":38}},"s":{"0":2,"1":5,"2":5,"3":9,"4":5,"5":1},"f":{"0":5,"1":9,"2":1},"b":{"0":[1,0]},"_coverageSchema":"1a1c01bbd47fc00a2c39e90264f33305004495a9","hash":"dd89d5263b5b90e8fddcdbb7444716f5d0bc9abf"}
,"C:\\Users\\Amulya Reddy\\Desktop\\Swiggy\\src\\Components\\ResCards.js": {"path":"C:\\Users\\Amulya Reddy\\Desktop\\Swiggy\\src\\Components\\ResCards.js","statementMap":{"0":{"start":{"line":3,"column":17},"end":{"line":29,"column":1}},"1":{"start":{"line":4,"column":22},"end":{"line":4,"column":27}},"2":{"start":{"line":6,"column":4},"end":{"line":6,"column":17}},"3":{"start":{"line":8,"column":2},"end":{"line":28,"column":4}},"4":{"start":{"line":31,"column":13},"end":{"line":70,"column":3}},"5":{"start":{"line":32,"column":4},"end":{"line":69,"column":6}},"6":{"start":{"line":75,"column":30},"end":{"line":84,"column":1}},"7":{"start":{"line":76,"column":2},"end":{"line":83,"column":4}},"8":{"start":{"line":77,"column":4},"end":{"line":82,"column":6}}},"fnMap":{"0":{"name":"(anonymous_0)","decl":{"start":{"line":3,"column":17},"end":{"line":3,"column":18}},"loc":{"start":{"line":3,"column":28},"end":{"line":29,"column":1}},"line":3},"1":{"name":"(anonymous_1)","decl":{"start":{"line":31,"column":13},"end":{"line":31,"column":14}},"loc":{"start":{"line":31,"column":24},"end":{"line":70,"column":3}},"line":31},"2":{"name":"(anonymous_2)","decl":{"start":{"line":75,"column":30},"end":{"line":75,"column":31}},"loc":{"start":{"line":75,"column":44},"end":{"line":84,"column":1}},"line":75},"3":{"name":"(anonymous_3)","decl":{"start":{"line":76,"column":9},"end":{"line":76,"column":10}},"loc":{"start":{"line":76,"column":20},"end":{"line":83,"column":3}},"line":76}},"branchMap":{},"s":{"0":2,"1":36,"2":36,"3":36,"4":2,"5":36,"6":2,"7":0,"8":0},"f":{"0":36,"1":36,"2":0,"3":0},"b":{},"_coverageSchema":"1a1c01bbd47fc00a2c39e90264f33305004495a9","hash":"2d4f8d017aa8d92039ba407ec3f3633084ad521d"}
,"C:\\Users\\Amulya Reddy\\Desktop\\Swiggy\\src\\Components\\RestuarantCategory.js": {"path":"C:\\Users\\Amulya Reddy\\Desktop\\Swiggy\\src\\Components\\RestuarantCategory.js","statementMap":{"0":{"start":{"line":4,"column":27},"end":{"line":24,"column":1}},"1":{"start":{"line":5,"column":22},"end":{"line":7,"column":3}},"2":{"start":{"line":6,"column":4},"end":{"line":6,"column":19}},"3":{"start":{"line":9,"column":2},"end":{"line":23,"column":4}}},"fnMap":{"0":{"name":"(anonymous_0)","decl":{"start":{"line":4,"column":27},"end":{"line":4,"column":28}},"loc":{"start":{"line":4,"column":65},"end":{"line":24,"column":1}},"line":4},"1":{"name":"(anonymous_1)","decl":{"start":{"line":5,"column":22},"end":{"line":5,"column":23}},"loc":{"start":{"line":5,"column":28},"end":{"line":7,"column":3}},"line":5}},"branchMap":{"0":{"loc":{"start":{"line":18,"column":9},"end":{"line":20,"column":9}},"type":"binary-expr","locations":[{"start":{"line":18,"column":9},"end":{"line":18,"column":17}},{"start":{"line":19,"column":10},"end":{"line":19,"column":72}}],"line":18}},"s":{"0":1,"1":10,"2":1,"3":10},"f":{"0":10,"1":1},"b":{"0":[10,1]},"_coverageSchema":"1a1c01bbd47fc00a2c39e90264f33305004495a9","hash":"6f7496456053b3e3e01491b459eabb115c562b29"}
,"C:\\Users\\Amulya Reddy\\Desktop\\Swiggy\\src\\Components\\RestuarantMenu.js": {"path":"C:\\Users\\Amulya Reddy\\Desktop\\Swiggy\\src\\Components\\RestuarantMenu.js","statementMap":{"0":{"start":{"line":7,"column":22},"end":{"line":44,"column":1}},"1":{"start":{"line":8,"column":20},"end":{"line":8,"column":31}},"2":{"start":{"line":10,"column":18},"end":{"line":10,"column":42}},"3":{"start":{"line":11,"column":36},"end":{"line":11,"column":50}},"4":{"start":{"line":13,"column":2},"end":{"line":13,"column":43}},"5":{"start":{"line":13,"column":24},"end":{"line":13,"column":43}},"6":{"start":{"line":16,"column":4},"end":{"line":16,"column":39}},"7":{"start":{"line":19,"column":4},"end":{"line":19,"column":79}},"8":{"start":{"line":22,"column":4},"end":{"line":26,"column":5}},"9":{"start":{"line":24,"column":8},"end":{"line":25,"column":70}},"10":{"start":{"line":28,"column":2},"end":{"line":43,"column":4}},"11":{"start":{"line":35,"column":8},"end":{"line":40,"column":10}},"12":{"start":{"line":39,"column":30},"end":{"line":39,"column":49}}},"fnMap":{"0":{"name":"(anonymous_0)","decl":{"start":{"line":7,"column":22},"end":{"line":7,"column":23}},"loc":{"start":{"line":7,"column":28},"end":{"line":44,"column":1}},"line":7},"1":{"name":"(anonymous_1)","decl":{"start":{"line":23,"column":6},"end":{"line":23,"column":7}},"loc":{"start":{"line":24,"column":8},"end":{"line":25,"column":70}},"line":24},"2":{"name":"(anonymous_2)","decl":{"start":{"line":34,"column":22},"end":{"line":34,"column":23}},"loc":{"start":{"line":35,"column":8},"end":{"line":40,"column":10}},"line":35},"3":{"name":"(anonymous_3)","decl":{"start":{"line":39,"column":24},"end":{"line":39,"column":25}},"loc":{"start":{"line":39,"column":30},"end":{"line":39,"column":49}},"line":39}},"branchMap":{"0":{"loc":{"start":{"line":13,"column":2},"end":{"line":13,"column":43}},"type":"if","locations":[{"start":{"line":13,"column":2},"end":{"line":13,"column":43}},{"start":{},"end":{}}],"line":13},"1":{"loc":{"start":{"line":38,"column":20},"end":{"line":38,"column":54}},"type":"cond-expr","locations":[{"start":{"line":38,"column":42},"end":{"line":38,"column":46}},{"start":{"line":38,"column":49},"end":{"line":38,"column":54}}],"line":38}},"s":{"0":1,"1":3,"2":3,"3":3,"4":3,"5":1,"6":2,"7":2,"8":2,"9":40,"10":2,"11":10,"12":1},"f":{"0":3,"1":40,"2":10,"3":1},"b":{"0":[1,2],"1":[1,9]},"_coverageSchema":"1a1c01bbd47fc00a2c39e90264f33305004495a9","hash":"5ad3a2444343e49302881edf8047dcb1c42549e0"}
,"C:\\Users\\Amulya Reddy\\Desktop\\Swiggy\\src\\Components\\ResturantItemsList.js": {"path":"C:\\Users\\Amulya Reddy\\Desktop\\Swiggy\\src\\Components\\ResturantItemsList.js","statementMap":{"0":{"start":{"line":5,"column":27},"end":{"line":57,"column":1}},"1":{"start":{"line":6,"column":19},"end":{"line":6,"column":32}},"2":{"start":{"line":8,"column":18},"end":{"line":10,"column":3}},"3":{"start":{"line":9,"column":4},"end":{"line":9,"column":28}},"4":{"start":{"line":12,"column":2},"end":{"line":56,"column":4}},"5":{"start":{"line":15,"column":8},"end":{"line":53,"column":14}},"6":{"start":{"line":46,"column":31},"end":{"line":46,"column":44}}},"fnMap":{"0":{"name":"(anonymous_0)","decl":{"start":{"line":5,"column":27},"end":{"line":5,"column":28}},"loc":{"start":{"line":5,"column":42},"end":{"line":57,"column":1}},"line":5},"1":{"name":"(anonymous_1)","decl":{"start":{"line":8,"column":18},"end":{"line":8,"column":19}},"loc":{"start":{"line":8,"column":28},"end":{"line":10,"column":3}},"line":8},"2":{"name":"(anonymous_2)","decl":{"start":{"line":14,"column":17},"end":{"line":14,"column":18}},"loc":{"start":{"line":15,"column":8},"end":{"line":53,"column":14}},"line":15},"3":{"name":"(anonymous_3)","decl":{"start":{"line":46,"column":25},"end":{"line":46,"column":26}},"loc":{"start":{"line":46,"column":31},"end":{"line":46,"column":44}},"line":46}},"branchMap":{"0":{"loc":{"start":{"line":26,"column":17},"end":{"line":28,"column":46}},"type":"cond-expr","locations":[{"start":{"line":27,"column":20},"end":{"line":27,"column":53}},{"start":{"line":28,"column":20},"end":{"line":28,"column":46}}],"line":26},"1":{"loc":{"start":{"line":36,"column":13},"end":{"line":43,"column":13}},"type":"cond-expr","locations":[{"start":{"line":37,"column":14},"end":{"line":40,"column":21}},{"start":{"line":42,"column":14},"end":{"line":42,"column":16}}],"line":36}},"s":{"0":1,"1":3,"2":3,"3":1,"4":3,"5":16,"6":1},"f":{"0":3,"1":1,"2":16,"3":1},"b":{"0":[10,6],"1":[16,0]},"_coverageSchema":"1a1c01bbd47fc00a2c39e90264f33305004495a9","hash":"15476c770f897af102a1fb931f0bbb13e4ab9cc1"}
,"C:\\Users\\Amulya Reddy\\Desktop\\Swiggy\\src\\Components\\Shimmer.js": {"path":"C:\\Users\\Amulya Reddy\\Desktop\\Swiggy\\src\\Components\\Shimmer.js","statementMap":{"0":{"start":{"line":1,"column":16},"end":{"line":13,"column":1}},"1":{"start":{"line":2,"column":4},"end":{"line":12,"column":10}}},"fnMap":{"0":{"name":"(anonymous_0)","decl":{"start":{"line":1,"column":16},"end":{"line":1,"column":17}},"loc":{"start":{"line":1,"column":22},"end":{"line":13,"column":1}},"line":1}},"branchMap":{},"s":{"0":1,"1":1},"f":{"0":1},"b":{},"_coverageSchema":"1a1c01bbd47fc00a2c39e90264f33305004495a9","hash":"4492e6aa66926ddf136f9c9282626c8d454852fb"}
,"C:\\Users\\Amulya Reddy\\Desktop\\Swiggy\\src\\Components\\Slider.js": {"path":"C:\\Users\\Amulya Reddy\\Desktop\\Swiggy\\src\\Components\\Slider.js","statementMap":{"0":{"start":{"line":8,"column":15},"end":{"line":69,"column":1}},"1":{"start":{"line":9,"column":30},"end":{"line":9,"column":42}},"2":{"start":{"line":10,"column":28},"end":{"line":10,"column":39}},"3":{"start":{"line":12,"column":23},"end":{"line":18,"column":3}},"4":{"start":{"line":13,"column":16},"end":{"line":13,"column":37}},"5":{"start":{"line":14,"column":17},"end":{"line":14,"column":33}},"6":{"start":{"line":15,"column":4},"end":{"line":17,"column":6}},"7":{"start":{"line":20,"column":2},"end":{"line":22,"column":9}},"8":{"start":{"line":21,"column":4},"end":{"line":21,"column":19}},"9":{"start":{"line":24,"column":19},"end":{"line":27,"column":3}},"10":{"start":{"line":25,"column":4},"end":{"line":25,"column":32}},"11":{"start":{"line":25,"column":20},"end":{"line":25,"column":32}},"12":{"start":{"line":26,"column":4},"end":{"line":26,"column":24}},"13":{"start":{"line":29,"column":20},"end":{"line":32,"column":3}},"14":{"start":{"line":30,"column":4},"end":{"line":30,"column":48}},"15":{"start":{"line":30,"column":36},"end":{"line":30,"column":48}},"16":{"start":{"line":31,"column":4},"end":{"line":31,"column":24}},"17":{"start":{"line":34,"column":2},"end":{"line":68,"column":4}},"18":{"start":{"line":55,"column":10},"end":{"line":63,"column":12}}},"fnMap":{"0":{"name":"(anonymous_0)","decl":{"start":{"line":8,"column":15},"end":{"line":8,"column":16}},"loc":{"start":{"line":8,"column":21},"end":{"line":69,"column":1}},"line":8},"1":{"name":"(anonymous_1)","decl":{"start":{"line":12,"column":23},"end":{"line":12,"column":24}},"loc":{"start":{"line":12,"column":35},"end":{"line":18,"column":3}},"line":12},"2":{"name":"(anonymous_2)","decl":{"start":{"line":20,"column":12},"end":{"line":20,"column":13}},"loc":{"start":{"line":20,"column":18},"end":{"line":22,"column":3}},"line":20},"3":{"name":"(anonymous_3)","decl":{"start":{"line":24,"column":19},"end":{"line":24,"column":20}},"loc":{"start":{"line":24,"column":25},"end":{"line":27,"column":3}},"line":24},"4":{"name":"(anonymous_4)","decl":{"start":{"line":29,"column":20},"end":{"line":29,"column":21}},"loc":{"start":{"line":29,"column":26},"end":{"line":32,"column":3}},"line":29},"5":{"name":"(anonymous_5)","decl":{"start":{"line":54,"column":20},"end":{"line":54,"column":21}},"loc":{"start":{"line":54,"column":29},"end":{"line":64,"column":9}},"line":54}},"branchMap":{"0":{"loc":{"start":{"line":25,"column":4},"end":{"line":25,"column":32}},"type":"if","locations":[{"start":{"line":25,"column":4},"end":{"line":25,"column":32}},{"start":{},"end":{}}],"line":25},"1":{"loc":{"start":{"line":30,"column":4},"end":{"line":30,"column":48}},"type":"if","locations":[{"start":{"line":30,"column":4},"end":{"line":30,"column":48}},{"start":{},"end":{}}],"line":30}},"s":{"0":1,"1":7,"2":7,"3":7,"4":2,"5":2,"6":2,"7":7,"8":2,"9":7,"10":0,"11":0,"12":0,"13":7,"14":0,"15":0,"16":0,"17":7,"18":100},"f":{"0":7,"1":2,"2":2,"3":0,"4":0,"5":100},"b":{"0":[0,0],"1":[0,0]},"_coverageSchema":"1a1c01bbd47fc00a2c39e90264f33305004495a9","hash":"f348aad7e8399a4972385df03e18388fc025b350"}
,"C:\\Users\\Amulya Reddy\\Desktop\\Swiggy\\src\\Components\\sum.js": {"path":"C:\\Users\\Amulya Reddy\\Desktop\\Swiggy\\src\\Components\\sum.js","statementMap":{"0":{"start":{"line":1,"column":19},"end":{"line":3,"column":1}},"1":{"start":{"line":2,"column":4},"end":{"line":2,"column":15}}},"fnMap":{"0":{"name":"(anonymous_0)","decl":{"start":{"line":1,"column":19},"end":{"line":1,"column":20}},"loc":{"start":{"line":1,"column":28},"end":{"line":3,"column":1}},"line":1}},"branchMap":{},"s":{"0":1,"1":1},"f":{"0":1},"b":{},"_coverageSchema":"1a1c01bbd47fc00a2c39e90264f33305004495a9","hash":"39b3449e9ec4eba382df8924bab40802b85228a5"}
,"C:\\Users\\Amulya Reddy\\Desktop\\Swiggy\\src\\utils\\cartSlice.js": {"path":"C:\\Users\\Amulya Reddy\\Desktop\\Swiggy\\src\\utils\\cartSlice.js","statementMap":{"0":{"start":{"line":3,"column":18},"end":{"line":19,"column":2}},"1":{"start":{"line":10,"column":8},"end":{"line":10,"column":40}},"2":{"start":{"line":13,"column":8},"end":{"line":13,"column":25}},"3":{"start":{"line":16,"column":8},"end":{"line":16,"column":31}},"4":{"start":{"line":22,"column":53},"end":{"line":22,"column":70}}},"fnMap":{"0":{"name":"(anonymous_0)","decl":{"start":{"line":9,"column":17},"end":{"line":9,"column":18}},"loc":{"start":{"line":9,"column":37},"end":{"line":11,"column":8}},"line":9},"1":{"name":"(anonymous_1)","decl":{"start":{"line":12,"column":20},"end":{"line":12,"column":21}},"loc":{"start":{"line":12,"column":31},"end":{"line":14,"column":8}},"line":12},"2":{"name":"(anonymous_2)","decl":{"start":{"line":15,"column":20},"end":{"line":15,"column":21}},"loc":{"start":{"line":15,"column":31},"end":{"line":17,"column":8}},"line":15}},"branchMap":{},"s":{"0":2,"1":1,"2":0,"3":1,"4":2},"f":{"0":1,"1":0,"2":1},"b":{},"_coverageSchema":"1a1c01bbd47fc00a2c39e90264f33305004495a9","hash":"e152351346bcdf24d7c805bbb0411a55f4576626"}
,"C:\\Users\\Amulya Reddy\\Desktop\\Swiggy\\src\\utils\\constants.js": {"path":"C:\\Users\\Amulya Reddy\\Desktop\\Swiggy\\src\\utils\\constants.js","statementMap":{"0":{"start":{"line":2,"column":2},"end":{"line":2,"column":93}},"1":{"start":{"line":5,"column":2},"end":{"line":5,"column":85}},"2":{"start":{"line":8,"column":2},"end":{"line":8,"column":124}},"3":{"start":{"line":11,"column":2},"end":{"line":11,"column":91}},"4":{"start":{"line":14,"column":2},"end":{"line":14,"column":139}}},"fnMap":{},"branchMap":{},"s":{"0":4,"1":4,"2":4,"3":4,"4":4},"f":{},"b":{},"_coverageSchema":"1a1c01bbd47fc00a2c39e90264f33305004495a9","hash":"14e098bc0b4df7adbb434306e5d68772c2299f26"}
,"C:\\Users\\Amulya Reddy\\Desktop\\Swiggy\\src\\utils\\ourStore.js": {"path":"C:\\Users\\Amulya Reddy\\Desktop\\Swiggy\\src\\utils\\ourStore.js","statementMap":{"0":{"start":{"line":1,"column":27},"end":{"line":1,"column":54}},"1":{"start":{"line":4,"column":17},"end":{"line":8,"column":2}}},"fnMap":{},"branchMap":{},"s":{"0":2,"1":2},"f":{},"b":{},"_coverageSchema":"1a1c01bbd47fc00a2c39e90264f33305004495a9","hash":"4deed3f4e9d06301f471a6e7e9ab4dd775674208"}
,"C:\\Users\\Amulya Reddy\\Desktop\\Swiggy\\src\\utils\\useOnlineStatus.js": {"path":"C:\\Users\\Amulya Reddy\\Desktop\\Swiggy\\src\\utils\\useOnlineStatus.js","statementMap":{"0":{"start":{"line":3,"column":24},"end":{"line":16,"column":1}},"1":{"start":{"line":4,"column":44},"end":{"line":4,"column":58}},"2":{"start":{"line":6,"column":4},"end":{"line":13,"column":11}},"3":{"start":{"line":7,"column":8},"end":{"line":9,"column":11}},"4":{"start":{"line":8,"column":12},"end":{"line":8,"column":34}},"5":{"start":{"line":10,"column":8},"end":{"line":12,"column":11}},"6":{"start":{"line":11,"column":12},"end":{"line":11,"column":33}},"7":{"start":{"line":15,"column":4},"end":{"line":15,"column":24}}},"fnMap":{"0":{"name":"(anonymous_0)","decl":{"start":{"line":3,"column":24},"end":{"line":3,"column":25}},"loc":{"start":{"line":3,"column":30},"end":{"line":16,"column":1}},"line":3},"1":{"name":"(anonymous_1)","decl":{"start":{"line":6,"column":15},"end":{"line":6,"column":16}},"loc":{"start":{"line":6,"column":21},"end":{"line":13,"column":5}},"line":6},"2":{"name":"(anonymous_2)","decl":{"start":{"line":7,"column":43},"end":{"line":7,"column":44}},"loc":{"start":{"line":7,"column":49},"end":{"line":9,"column":9}},"line":7},"3":{"name":"(anonymous_3)","decl":{"start":{"line":10,"column":43},"end":{"line":10,"column":44}},"loc":{"start":{"line":10,"column":49},"end":{"line":12,"column":9}},"line":10}},"branchMap":{},"s":{"0":1,"1":7,"2":7,"3":2,"4":0,"5":2,"6":0,"7":7},"f":{"0":7,"1":2,"2":0,"3":0},"b":{},"_coverageSchema":"1a1c01bbd47fc00a2c39e90264f33305004495a9","hash":"512e971deb37d6dc1c7a686a85ae9b5f2b2d3267"}
,"C:\\Users\\Amulya Reddy\\Desktop\\Swiggy\\src\\utils\\useRestaurantData.js": {"path":"C:\\Users\\Amulya Reddy\\Desktop\\Swiggy\\src\\utils\\useRestaurantData.js","statementMap":{"0":{"start":{"line":4,"column":26},"end":{"line":18,"column":1}},"1":{"start":{"line":5,"column":33},"end":{"line":5,"column":47}},"2":{"start":{"line":7,"column":4},"end":{"line":9,"column":10}},"3":{"start":{"line":8,"column":8},"end":{"line":8,"column":20}},"4":{"start":{"line":11,"column":22},"end":{"line":16,"column":5}},"5":{"start":{"line":13,"column":17},"end":{"line":13,"column":91}},"6":{"start":{"line":14,"column":17},"end":{"line":14,"column":34}},"7":{"start":{"line":15,"column":4},"end":{"line":15,"column":26}},"8":{"start":{"line":17,"column":4},"end":{"line":17,"column":19}}},"fnMap":{"0":{"name":"(anonymous_0)","decl":{"start":{"line":4,"column":26},"end":{"line":4,"column":27}},"loc":{"start":{"line":4,"column":37},"end":{"line":18,"column":1}},"line":4},"1":{"name":"(anonymous_1)","decl":{"start":{"line":7,"column":15},"end":{"line":7,"column":16}},"loc":{"start":{"line":7,"column":21},"end":{"line":9,"column":6}},"line":7},"2":{"name":"(anonymous_2)","decl":{"start":{"line":11,"column":22},"end":{"line":11,"column":23}},"loc":{"start":{"line":11,"column":34},"end":{"line":16,"column":5}},"line":11}},"branchMap":{},"s":{"0":1,"1":3,"2":3,"3":1,"4":3,"5":1,"6":1,"7":1,"8":3},"f":{"0":3,"1":1,"2":1},"b":{},"_coverageSchema":"1a1c01bbd47fc00a2c39e90264f33305004495a9","hash":"093f0cc6ca6e7927f58ec7aa7ec5919ee32750d1"}
}
