TN:
SF:src\Components\Body.js
FN:9,(anonymous_0)
FN:15,(anonymous_1)
FN:27,(anonymous_2)
FN:46,(anonymous_3)
FN:48,(anonymous_4)
FN:63,(anonymous_5)
FN:70,(anonymous_6)
FN:71,(anonymous_7)
FN:90,(anonymous_8)
FNF:9
FNH:9
FNDA:7,(anonymous_0)
FNDA:2,(anonymous_1)
FNDA:2,(anonymous_2)
FNDA:1,(anonymous_3)
FNDA:9,(anonymous_4)
FNDA:1,(anonymous_5)
FNDA:1,(anonymous_6)
FNDA:9,(anonymous_7)
FNDA:35,(anonymous_8)
DA:9,1
DA:10,7
DA:11,7
DA:13,7
DA:15,7
DA:16,2
DA:17,2
DA:19,2
DA:22,2
DA:27,7
DA:28,2
DA:31,7
DA:32,7
DA:33,0
DA:39,7
DA:47,1
DA:48,9
DA:50,1
DA:64,1
DA:71,1
DA:72,9
DA:76,1
DA:91,35
LF:23
LH:22
BRDA:32,0,0,0
BRDA:32,0,1,7
BRF:2
BRH:1
end_of_record
TN:
SF:src\Components\ContactUs.js
FN:1,(anonymous_0)
FNF:1
FNH:1
FNDA:4,(anonymous_0)
DA:1,1
DA:2,4
LF:2
LH:2
BRF:0
BRH:0
end_of_record
TN:
SF:src\Components\Header.js
FN:7,(anonymous_0)
FN:10,(anonymous_1)
FN:37,(anonymous_2)
FNF:3
FNH:3
FNDA:3,(anonymous_0)
FNDA:5,(anonymous_1)
FNDA:1,(anonymous_2)
DA:7,1
DA:8,3
DA:10,5
DA:12,3
DA:38,1
LF:5
LH:5
BRDA:38,0,0,1
BRDA:38,0,1,0
BRF:2
BRH:1
end_of_record
TN:
SF:src\Components\ResCards.js
FN:3,(anonymous_0)
FN:31,(anonymous_1)
FN:75,(anonymous_2)
FN:76,(anonymous_3)
FNF:4
FNH:2
FNDA:36,(anonymous_0)
FNDA:36,(anonymous_1)
FNDA:0,(anonymous_2)
FNDA:0,(anonymous_3)
DA:3,2
DA:4,36
DA:6,36
DA:8,36
DA:31,2
DA:32,36
DA:75,2
DA:76,0
DA:77,0
LF:9
LH:7
BRF:0
BRH:0
end_of_record
TN:
SF:src\Components\Slider.js
FN:8,(anonymous_0)
FN:12,(anonymous_1)
FN:20,(anonymous_2)
FN:24,(anonymous_3)
FN:29,(anonymous_4)
FN:54,(anonymous_5)
FNF:6
FNH:4
FNDA:7,(anonymous_0)
FNDA:2,(anonymous_1)
FNDA:2,(anonymous_2)
FNDA:0,(anonymous_3)
FNDA:0,(anonymous_4)
FNDA:100,(anonymous_5)
DA:8,1
DA:9,7
DA:10,7
DA:12,7
DA:13,2
DA:14,2
DA:15,2
DA:20,7
DA:21,2
DA:24,7
DA:25,0
DA:26,0
DA:29,7
DA:30,0
DA:31,0
DA:34,7
DA:55,100
LF:17
LH:13
BRDA:25,0,0,0
BRDA:25,0,1,0
BRDA:30,1,0,0
BRDA:30,1,1,0
BRF:4
BRH:0
end_of_record
TN:
SF:src\Components\sum.js
FN:1,(anonymous_0)
FNF:1
FNH:1
FNDA:1,(anonymous_0)
DA:1,1
DA:2,1
LF:2
LH:2
BRF:0
BRH:0
end_of_record
TN:
SF:src\utils\cartSlice.js
FN:9,(anonymous_0)
FN:12,(anonymous_1)
FN:15,(anonymous_2)
FNF:3
FNH:0
FNDA:0,(anonymous_0)
FNDA:0,(anonymous_1)
FNDA:0,(anonymous_2)
DA:3,1
DA:10,0
DA:13,0
DA:16,0
DA:22,1
LF:5
LH:2
BRF:0
BRH:0
end_of_record
TN:
SF:src\utils\constants.js
FNF:0
FNH:0
DA:2,3
DA:5,3
DA:8,3
DA:11,3
DA:14,3
LF:5
LH:5
BRF:0
BRH:0
end_of_record
TN:
SF:src\utils\ourStore.js
FNF:0
FNH:0
DA:1,1
DA:4,1
LF:2
LH:2
BRF:0
BRH:0
end_of_record
TN:
SF:src\utils\useOnlineStatus.js
FN:3,(anonymous_0)
FN:6,(anonymous_1)
FN:7,(anonymous_2)
FN:10,(anonymous_3)
FNF:4
FNH:2
FNDA:7,(anonymous_0)
FNDA:2,(anonymous_1)
FNDA:0,(anonymous_2)
FNDA:0,(anonymous_3)
DA:3,1
DA:4,7
DA:6,7
DA:7,2
DA:8,0
DA:10,2
DA:11,0
DA:15,7
LF:8
LH:6
BRF:0
BRH:0
end_of_record
